mode: count
github.com/aimless-it/ai-canvas/functions/lib/types/ImageResponseWrapper.go:16.80,18.36 2 3
github.com/aimless-it/ai-canvas/functions/lib/types/ImageResponseWrapper.go:18.36,29.3 1 5
github.com/aimless-it/ai-canvas/functions/lib/types/ImageResponseWrapper.go:30.2,30.13 1 3
github.com/aimless-it/ai-canvas/functions/lib/types/ImageResponseWrapper.go:33.118,35.27 2 5
github.com/aimless-it/ai-canvas/functions/lib/types/ImageResponseWrapper.go:35.27,37.59 2 10
github.com/aimless-it/ai-canvas/functions/lib/types/ImageResponseWrapper.go:37.59,39.4 1 5
github.com/aimless-it/ai-canvas/functions/lib/types/ImageResponseWrapper.go:39.9,41.4 1 5
github.com/aimless-it/ai-canvas/functions/lib/types/ImageResponseWrapper.go:42.3,42.59 1 10
github.com/aimless-it/ai-canvas/functions/lib/types/ImageResponseWrapper.go:42.59,44.4 1 5
github.com/aimless-it/ai-canvas/functions/lib/types/ImageResponseWrapper.go:44.9,46.4 1 5
github.com/aimless-it/ai-canvas/functions/lib/types/ImageResponseWrapper.go:47.3,50.5 1 10
github.com/aimless-it/ai-canvas/functions/lib/types/ImageResponseWrapper.go:52.2,52.18 1 5
github.com/aimless-it/ai-canvas/functions/lib/types/ImageResponseWrapper.go:55.77,71.2 1 3
github.com/aimless-it/ai-canvas/functions/lib/types/ImageResponseWrapper.go:73.83,79.2 5 5
github.com/aimless-it/ai-canvas/functions/lib/types/analyticsItem.go:17.70,32.2 1 1
github.com/aimless-it/ai-canvas/functions/lib/types/analyticsItem.go:34.76,40.16 5 1
github.com/aimless-it/ai-canvas/functions/lib/types/analyticsItem.go:40.16,41.13 1 0
github.com/aimless-it/ai-canvas/functions/lib/types/analyticsItem.go:43.2,44.25 2 1
github.com/aimless-it/ai-canvas/functions/lib/types/analyticsItem.go:45.27,46.96 1 1
github.com/aimless-it/ai-canvas/functions/lib/types/analyticsItem.go:47.23,48.104 1 0
github.com/aimless-it/ai-canvas/functions/lib/types/analyticsItem.go:49.26,50.114 1 0
github.com/aimless-it/ai-canvas/functions/lib/types/analyticsItem.go:52.2,58.79 4 1
github.com/aimless-it/ai-canvas/functions/lib/types/analyticsItem.go:61.78,63.31 2 2
github.com/aimless-it/ai-canvas/functions/lib/types/analyticsItem.go:63.31,70.3 2 2
github.com/aimless-it/ai-canvas/functions/lib/types/analyticsItem.go:71.2,71.17 1 2
github.com/aimless-it/ai-canvas/functions/lib/types/analyticsItem.go:74.84,76.25 2 2
github.com/aimless-it/ai-canvas/functions/lib/types/analyticsItem.go:76.25,80.3 3 2
github.com/aimless-it/ai-canvas/functions/lib/types/common.go:25.46,26.12 1 14
github.com/aimless-it/ai-canvas/functions/lib/types/common.go:27.13,28.39 1 1
github.com/aimless-it/ai-canvas/functions/lib/types/common.go:29.14,30.39 1 8
github.com/aimless-it/ai-canvas/functions/lib/types/common.go:31.13,32.41 1 3
github.com/aimless-it/ai-canvas/functions/lib/types/common.go:33.10,34.39 1 2
github.com/aimless-it/ai-canvas/functions/lib/types/common.go:45.56,46.12 1 12
github.com/aimless-it/ai-canvas/functions/lib/types/common.go:47.11,48.45 1 4
github.com/aimless-it/ai-canvas/functions/lib/types/common.go:49.14,50.49 1 7
github.com/aimless-it/ai-canvas/functions/lib/types/common.go:51.10,52.45 1 1
github.com/aimless-it/ai-canvas/functions/lib/types/queueRequest.go:19.69,47.2 1 2
github.com/aimless-it/ai-canvas/functions/lib/types/queueRequest.go:49.75,55.18 6 0
github.com/aimless-it/ai-canvas/functions/lib/types/queueRequest.go:56.27,57.135 1 0
github.com/aimless-it/ai-canvas/functions/lib/types/queueRequest.go:58.23,59.143 1 0
github.com/aimless-it/ai-canvas/functions/lib/types/queueRequest.go:60.26,61.153 1 0
github.com/aimless-it/ai-canvas/functions/lib/types/queueRequest.go:65.76,66.16 1 0
github.com/aimless-it/ai-canvas/functions/lib/types/queueRequest.go:67.27,74.4 1 0
github.com/aimless-it/ai-canvas/functions/lib/types/queueRequest.go:75.23,84.4 1 0
github.com/aimless-it/ai-canvas/functions/lib/types/queueRequest.go:85.26,92.4 1 0
github.com/aimless-it/ai-canvas/functions/lib/types/requestTypes.go:34.77,52.2 1 2
github.com/aimless-it/ai-canvas/functions/lib/types/requestTypes.go:54.83,60.2 5 2
github.com/aimless-it/ai-canvas/functions/lib/types/requestTypes.go:62.73,86.2 1 2
github.com/aimless-it/ai-canvas/functions/lib/types/requestTypes.go:88.79,96.2 7 1
github.com/aimless-it/ai-canvas/functions/lib/types/requestTypes.go:98.82,116.2 1 2
github.com/aimless-it/ai-canvas/functions/lib/types/requestTypes.go:118.88,124.2 5 1
github.com/aimless-it/ai-canvas/functions/lib/types/resultRequest.go:14.70,29.2 1 1
github.com/aimless-it/ai-canvas/functions/lib/types/resultRequest.go:31.76,35.16 4 3
github.com/aimless-it/ai-canvas/functions/lib/types/resultRequest.go:35.16,36.13 1 0
github.com/aimless-it/ai-canvas/functions/lib/types/resultRequest.go:38.2,41.25 3 3
github.com/aimless-it/ai-canvas/functions/lib/types/resultRequest.go:42.27,43.142 1 1
github.com/aimless-it/ai-canvas/functions/lib/types/resultRequest.go:44.23,45.150 1 1
github.com/aimless-it/ai-canvas/functions/lib/types/resultRequest.go:46.26,47.160 1 1
github.com/aimless-it/ai-canvas/functions/lib/types/resultRequest.go:49.2,49.76 1 3
